2020-07-20 11:30:44,286 DEBUG - 267.594ms,make_request:getClientVersion,sendbyts:71
2020-07-20 11:31:04,011 DEBUG - 10.273ms,make_request:getClientVersion,sendbyts:71
2020-07-20 11:53:02,470 DEBUG - 14.483ms,make_request:getClientVersion,sendbyts:71
2020-07-20 11:53:53,705 DEBUG - 11.061ms,make_request:getClientVersion,sendbyts:71
2020-07-20 14:31:12,720 DEBUG - 16.719ms,commonrequest:getBlockNumber:DONE
2020-07-20 14:31:12,761 DEBUG - 8.600ms,commonrequest:getBlockNumber:DONE
2020-07-20 14:33:00,066 DEBUG - 11.112ms,commonrequest:getBlockNumber:DONE
2020-07-20 14:33:00,127 DEBUG - 13.572ms,commonrequest:getBlockNumber:DONE
2020-07-20 14:33:56,386 DEBUG - 14.388ms,commonrequest:getBlockNumber:DONE
2020-07-20 14:33:56,441 DEBUG - 12.531ms,commonrequest:getBlockNumber:DONE
2020-07-20 14:34:20,454 DEBUG - 8.465ms,commonrequest:getBlockNumber:DONE
2020-07-20 14:34:20,508 DEBUG - 10.265ms,commonrequest:getBlockNumber:DONE
2020-07-20 14:34:21,528 DEBUG - 103.147ms,commonrequest:sendRawTransaction:DONE
2020-07-20 14:36:44,821 DEBUG - 14.700ms,commonrequest:getBlockNumber:DONE
2020-07-20 14:36:44,857 DEBUG - 8.178ms,commonrequest:getBlockNumber:DONE
2020-07-20 14:36:46,112 DEBUG - 318.871ms,commonrequest:sendRawTransaction:DONE
2020-07-20 14:36:46,624 DEBUG - 498.888ms,commonrequest:sendRawTransaction:DONE
2020-07-20 14:36:46,637 DEBUG - 8.458ms,commonrequest:getTransactionByHash:DONE
2020-07-20 14:36:46,646 DEBUG - 8.191ms,commonrequest:call:DONE
2020-07-20 14:36:46,658 DEBUG - 11.047ms,commonrequest:call:DONE
2020-07-20 14:36:46,669 DEBUG - 8.894ms,commonrequest:call:DONE
2020-07-20 14:36:46,678 DEBUG - 7.350ms,commonrequest:call:DONE
2020-07-20 14:50:21,433 DEBUG - 11.342ms,commonrequest:getBlockNumber:DONE
2020-07-20 14:50:21,483 DEBUG - 11.803ms,commonrequest:getBlockNumber:DONE
2020-07-20 14:50:22,522 DEBUG - 116.860ms,commonrequest:sendRawTransaction:DONE
2020-07-20 14:50:23,066 DEBUG - 532.894ms,commonrequest:sendRawTransaction:DONE
2020-07-20 14:50:23,080 DEBUG - 11.423ms,commonrequest:getTransactionByHash:DONE
2020-07-20 14:50:23,094 DEBUG - 11.280ms,commonrequest:call:DONE
2020-07-20 14:50:23,106 DEBUG - 10.794ms,commonrequest:call:DONE
2020-07-20 14:50:23,118 DEBUG - 10.867ms,commonrequest:call:DONE
2020-07-20 14:50:23,129 DEBUG - 10.827ms,commonrequest:call:DONE
2020-07-20 14:50:23,143 DEBUG - 12.717ms,commonrequest:getClientVersion:DONE
2020-07-20 14:50:23,155 DEBUG - 11.964ms,commonrequest:getBlockNumber:DONE
2020-07-20 14:50:23,166 DEBUG - 11.095ms,commonrequest:getPeers:DONE
2020-07-20 14:50:23,188 DEBUG - 21.958ms,commonrequest:getBlockByNumber:DONE
2020-07-20 14:50:23,202 DEBUG - 12.103ms,commonrequest:getBlockHashByNumber:DONE
2020-07-20 15:02:30,467 DEBUG - 8.972ms,commonrequest:getBlockNumber:DONE
2020-07-20 15:02:31,433 DEBUG - 35.827ms,commonrequest:sendRawTransaction:DONE
2020-07-20 15:04:15,900 DEBUG - 12.606ms,commonrequest:getBlockNumber:DONE
2020-07-20 15:04:17,454 DEBUG - 614.701ms,commonrequest:sendRawTransaction:DONE
2020-07-20 15:04:17,967 DEBUG - 503.677ms,commonrequest:sendRawTransaction:DONE
2020-07-20 15:04:18,479 DEBUG - 503.188ms,commonrequest:sendRawTransaction:DONE
2020-07-20 15:04:18,503 DEBUG - 22.407ms,commonrequest:call:DONE
2020-07-20 15:04:18,516 DEBUG - 11.248ms,commonrequest:call:DONE
2020-07-20 15:20:07,236 DEBUG - 7.249ms,commonrequest:getBlockNumber:DONE
2020-07-20 15:20:08,494 DEBUG - 332.868ms,commonrequest:sendRawTransaction:DONE
2020-07-20 15:20:08,503 DEBUG - 7.818ms,commonrequest:call:DONE
2020-07-20 15:23:05,346 DEBUG - 16.722ms,commonrequest:getBlockNumber:DONE
2020-07-20 15:23:06,814 DEBUG - 539.508ms,commonrequest:sendRawTransaction:DONE
2020-07-20 15:23:06,881 DEBUG - 10.943ms,commonrequest:getBlockNumber:DONE
2020-07-20 15:23:08,337 DEBUG - 555.350ms,commonrequest:sendRawTransaction:DONE
2020-07-20 15:23:08,353 DEBUG - 14.499ms,commonrequest:call:DONE
2020-07-20 15:39:45,065 DEBUG - 8.815ms,commonrequest:getBlockNumber:DONE
2020-07-20 15:39:46,642 DEBUG - 610.213ms,commonrequest:sendRawTransaction:DONE
2020-07-20 16:01:11,681 DEBUG - 27.727ms,make_request:getClientVersion,sendbyts:71
2020-07-20 16:01:11,700 DEBUG - 17.678ms,make_request:getBlockNumber,sendbyts:70
2020-07-20 16:01:11,722 DEBUG - 21.444ms,make_request:getTransactionByHash,sendbyts:146
2020-07-20 16:01:35,595 DEBUG - 26.712ms,make_request:getClientVersion,sendbyts:71
2020-07-20 16:01:35,613 DEBUG - 17.102ms,make_request:getBlockNumber,sendbyts:70
2020-07-20 16:01:35,635 DEBUG - 21.960ms,make_request:getTransactionByHash,sendbyts:146
2020-07-20 16:09:57,617 DEBUG - 20.890ms,make_request:getClientVersion,sendbyts:71
2020-07-20 16:09:57,632 DEBUG - 14.726ms,make_request:getBlockNumber,sendbyts:70
2020-07-20 16:09:57,658 DEBUG - 25.591ms,make_request:getTransactionByHash,sendbyts:146
2020-07-20 16:10:25,539 DEBUG - 36.771ms,make_request:getClientVersion,sendbyts:71
2020-07-20 16:10:25,561 DEBUG - 21.960ms,make_request:getBlockNumber,sendbyts:70
2020-07-20 16:10:25,585 DEBUG - 24.045ms,make_request:getTransactionByHash,sendbyts:146
