2020-07-20 11:30:44,286 DEBUG - 267.594ms,make_request:getClientVersion,sendbyts:71
2020-07-20 11:31:04,011 DEBUG - 10.273ms,make_request:getClientVersion,sendbyts:71
2020-07-20 11:53:02,470 DEBUG - 14.483ms,make_request:getClientVersion,sendbyts:71
2020-07-20 11:53:53,705 DEBUG - 11.061ms,make_request:getClientVersion,sendbyts:71
2020-07-20 14:31:12,720 DEBUG - 16.719ms,commonrequest:getBlockNumber:DONE
2020-07-20 14:31:12,761 DEBUG - 8.600ms,commonrequest:getBlockNumber:DONE
2020-07-20 14:33:00,066 DEBUG - 11.112ms,commonrequest:getBlockNumber:DONE
2020-07-20 14:33:00,127 DEBUG - 13.572ms,commonrequest:getBlockNumber:DONE
2020-07-20 14:33:56,386 DEBUG - 14.388ms,commonrequest:getBlockNumber:DONE
2020-07-20 14:33:56,441 DEBUG - 12.531ms,commonrequest:getBlockNumber:DONE
2020-07-20 14:34:20,454 DEBUG - 8.465ms,commonrequest:getBlockNumber:DONE
2020-07-20 14:34:20,508 DEBUG - 10.265ms,commonrequest:getBlockNumber:DONE
2020-07-20 14:34:21,528 DEBUG - 103.147ms,commonrequest:sendRawTransaction:DONE
2020-07-20 14:36:44,821 DEBUG - 14.700ms,commonrequest:getBlockNumber:DONE
2020-07-20 14:36:44,857 DEBUG - 8.178ms,commonrequest:getBlockNumber:DONE
2020-07-20 14:36:46,112 DEBUG - 318.871ms,commonrequest:sendRawTransaction:DONE
2020-07-20 14:36:46,624 DEBUG - 498.888ms,commonrequest:sendRawTransaction:DONE
2020-07-20 14:36:46,637 DEBUG - 8.458ms,commonrequest:getTransactionByHash:DONE
2020-07-20 14:36:46,646 DEBUG - 8.191ms,commonrequest:call:DONE
2020-07-20 14:36:46,658 DEBUG - 11.047ms,commonrequest:call:DONE
2020-07-20 14:36:46,669 DEBUG - 8.894ms,commonrequest:call:DONE
2020-07-20 14:36:46,678 DEBUG - 7.350ms,commonrequest:call:DONE
2020-07-20 14:50:21,433 DEBUG - 11.342ms,commonrequest:getBlockNumber:DONE
2020-07-20 14:50:21,483 DEBUG - 11.803ms,commonrequest:getBlockNumber:DONE
2020-07-20 14:50:22,522 DEBUG - 116.860ms,commonrequest:sendRawTransaction:DONE
2020-07-20 14:50:23,066 DEBUG - 532.894ms,commonrequest:sendRawTransaction:DONE
2020-07-20 14:50:23,080 DEBUG - 11.423ms,commonrequest:getTransactionByHash:DONE
2020-07-20 14:50:23,094 DEBUG - 11.280ms,commonrequest:call:DONE
2020-07-20 14:50:23,106 DEBUG - 10.794ms,commonrequest:call:DONE
2020-07-20 14:50:23,118 DEBUG - 10.867ms,commonrequest:call:DONE
2020-07-20 14:50:23,129 DEBUG - 10.827ms,commonrequest:call:DONE
2020-07-20 14:50:23,143 DEBUG - 12.717ms,commonrequest:getClientVersion:DONE
2020-07-20 14:50:23,155 DEBUG - 11.964ms,commonrequest:getBlockNumber:DONE
2020-07-20 14:50:23,166 DEBUG - 11.095ms,commonrequest:getPeers:DONE
2020-07-20 14:50:23,188 DEBUG - 21.958ms,commonrequest:getBlockByNumber:DONE
2020-07-20 14:50:23,202 DEBUG - 12.103ms,commonrequest:getBlockHashByNumber:DONE
2020-07-20 15:02:30,467 DEBUG - 8.972ms,commonrequest:getBlockNumber:DONE
2020-07-20 15:02:31,433 DEBUG - 35.827ms,commonrequest:sendRawTransaction:DONE
2020-07-20 15:04:15,900 DEBUG - 12.606ms,commonrequest:getBlockNumber:DONE
2020-07-20 15:04:17,454 DEBUG - 614.701ms,commonrequest:sendRawTransaction:DONE
2020-07-20 15:04:17,967 DEBUG - 503.677ms,commonrequest:sendRawTransaction:DONE
2020-07-20 15:04:18,479 DEBUG - 503.188ms,commonrequest:sendRawTransaction:DONE
2020-07-20 15:04:18,503 DEBUG - 22.407ms,commonrequest:call:DONE
2020-07-20 15:04:18,516 DEBUG - 11.248ms,commonrequest:call:DONE
2020-07-20 15:20:07,236 DEBUG - 7.249ms,commonrequest:getBlockNumber:DONE
2020-07-20 15:20:08,494 DEBUG - 332.868ms,commonrequest:sendRawTransaction:DONE
2020-07-20 15:20:08,503 DEBUG - 7.818ms,commonrequest:call:DONE
2020-07-20 15:23:05,346 DEBUG - 16.722ms,commonrequest:getBlockNumber:DONE
2020-07-20 15:23:06,814 DEBUG - 539.508ms,commonrequest:sendRawTransaction:DONE
2020-07-20 15:23:06,881 DEBUG - 10.943ms,commonrequest:getBlockNumber:DONE
2020-07-20 15:23:08,337 DEBUG - 555.350ms,commonrequest:sendRawTransaction:DONE
2020-07-20 15:23:08,353 DEBUG - 14.499ms,commonrequest:call:DONE
2020-07-20 15:39:45,065 DEBUG - 8.815ms,commonrequest:getBlockNumber:DONE
2020-07-20 15:39:46,642 DEBUG - 610.213ms,commonrequest:sendRawTransaction:DONE
2020-07-20 16:01:11,681 DEBUG - 27.727ms,make_request:getClientVersion,sendbyts:71
2020-07-20 16:01:11,700 DEBUG - 17.678ms,make_request:getBlockNumber,sendbyts:70
2020-07-20 16:01:11,722 DEBUG - 21.444ms,make_request:getTransactionByHash,sendbyts:146
2020-07-20 16:01:35,595 DEBUG - 26.712ms,make_request:getClientVersion,sendbyts:71
2020-07-20 16:01:35,613 DEBUG - 17.102ms,make_request:getBlockNumber,sendbyts:70
2020-07-20 16:01:35,635 DEBUG - 21.960ms,make_request:getTransactionByHash,sendbyts:146
2020-07-20 16:09:57,617 DEBUG - 20.890ms,make_request:getClientVersion,sendbyts:71
2020-07-20 16:09:57,632 DEBUG - 14.726ms,make_request:getBlockNumber,sendbyts:70
2020-07-20 16:09:57,658 DEBUG - 25.591ms,make_request:getTransactionByHash,sendbyts:146
2020-07-20 16:10:25,539 DEBUG - 36.771ms,make_request:getClientVersion,sendbyts:71
2020-07-20 16:10:25,561 DEBUG - 21.960ms,make_request:getBlockNumber,sendbyts:70
2020-07-20 16:10:25,585 DEBUG - 24.045ms,make_request:getTransactionByHash,sendbyts:146
2020-07-25 17:04:27,183 DEBUG - 13.836ms,commonrequest:getBlockNumber:DONE
2020-07-25 17:04:27,367 DEBUG - 20.926ms,commonrequest:getBlockNumber:DONE
2020-07-25 17:04:27,876 DEBUG - 497.825ms,commonrequest:sendRawTransaction:DONE
2020-07-25 17:04:27,936 DEBUG - 9.561ms,commonrequest:getBlockNumber:DONE
2020-07-25 17:04:28,003 DEBUG - 17.477ms,commonrequest:getBlockNumber:DONE
2020-07-25 17:04:28,437 DEBUG - 420.336ms,commonrequest:sendRawTransaction:DONE
2020-07-25 17:04:28,495 DEBUG - 12.108ms,commonrequest:getBlockNumber:DONE
2020-07-25 17:04:28,559 DEBUG - 62.072ms,commonrequest:call:DONE
2020-07-25 17:04:29,155 DEBUG - 319.532ms,commonrequest:sendRawTransaction:DONE
2020-07-25 17:04:29,187 DEBUG - 28.834ms,commonrequest:call:DONE
2020-07-25 17:04:29,209 DEBUG - 19.441ms,commonrequest:call:DONE
2020-07-25 17:04:29,230 DEBUG - 18.055ms,commonrequest:call:DONE
2020-07-25 17:04:29,253 DEBUG - 21.424ms,commonrequest:call:DONE
2020-07-25 17:04:56,855 DEBUG - 531.618ms,commonrequest:sendRawTransaction:DONE
2020-07-25 17:04:56,875 DEBUG - 16.662ms,commonrequest:call:DONE
2020-07-25 17:04:57,365 DEBUG - 480.245ms,commonrequest:sendRawTransaction:DONE
2020-07-25 17:04:57,387 DEBUG - 17.894ms,commonrequest:call:DONE
2020-07-25 17:05:27,222 DEBUG - 689.410ms,commonrequest:sendRawTransaction:DONE
2020-07-25 17:08:26,327 DEBUG - 15.157ms,commonrequest:getBlockNumber:DONE
2020-07-25 17:08:26,843 DEBUG - 16.792ms,commonrequest:getBlockNumber:DONE
2020-07-25 17:08:27,312 DEBUG - 453.489ms,commonrequest:sendRawTransaction:DONE
2020-07-25 17:08:27,383 DEBUG - 12.922ms,commonrequest:getBlockNumber:DONE
2020-07-25 17:08:27,438 DEBUG - 13.921ms,commonrequest:getBlockNumber:DONE
2020-07-25 17:08:27,900 DEBUG - 442.522ms,commonrequest:sendRawTransaction:DONE
2020-07-25 17:08:27,972 DEBUG - 14.136ms,commonrequest:getBlockNumber:DONE
2020-07-25 17:08:28,051 DEBUG - 75.790ms,commonrequest:call:DONE
2020-07-25 17:08:28,506 DEBUG - 107.343ms,commonrequest:sendRawTransaction:DONE
2020-07-25 17:08:28,520 DEBUG - 10.973ms,commonrequest:call:DONE
2020-07-25 17:08:28,537 DEBUG - 13.127ms,commonrequest:call:DONE
2020-07-25 17:08:28,585 DEBUG - 45.799ms,commonrequest:call:DONE
2020-07-25 17:08:28,603 DEBUG - 14.932ms,commonrequest:call:DONE
2020-07-25 17:08:29,188 DEBUG - 575.139ms,commonrequest:sendRawTransaction:DONE
2020-07-25 17:08:29,207 DEBUG - 14.740ms,commonrequest:call:DONE
2020-07-25 17:08:58,972 DEBUG - 102.602ms,commonrequest:sendRawTransaction:DONE
2020-07-25 17:11:02,033 DEBUG - 35.803ms,commonrequest:getBlockNumber:DONE
2020-07-25 17:11:26,982 DEBUG - 20.634ms,commonrequest:getBlockNumber:DONE
2020-07-25 17:16:07,816 DEBUG - 14.680ms,commonrequest:getBlockNumber:DONE
2020-07-25 17:16:07,981 DEBUG - 22.104ms,commonrequest:getBlockNumber:DONE
2020-07-25 17:16:08,574 DEBUG - 582.205ms,commonrequest:sendRawTransaction:DONE
2020-07-25 17:16:08,652 DEBUG - 18.458ms,commonrequest:getBlockNumber:DONE
2020-07-25 17:16:08,716 DEBUG - 16.035ms,commonrequest:getBlockNumber:DONE
2020-07-25 17:16:09,087 DEBUG - 356.013ms,commonrequest:sendRawTransaction:DONE
2020-07-25 17:16:09,150 DEBUG - 16.453ms,commonrequest:getBlockNumber:DONE
2020-07-25 17:16:09,236 DEBUG - 83.672ms,commonrequest:call:DONE
2020-07-25 17:16:09,661 DEBUG - 142.929ms,commonrequest:sendRawTransaction:DONE
2020-07-25 17:16:09,679 DEBUG - 15.300ms,commonrequest:call:DONE
2020-07-25 17:16:09,694 DEBUG - 12.585ms,commonrequest:call:DONE
2020-07-25 17:16:09,722 DEBUG - 23.708ms,commonrequest:call:DONE
2020-07-25 17:16:09,747 DEBUG - 23.132ms,commonrequest:call:DONE
2020-07-25 17:16:10,413 DEBUG - 657.006ms,commonrequest:sendRawTransaction:DONE
2020-07-25 17:16:10,432 DEBUG - 15.697ms,commonrequest:call:DONE
2020-07-25 17:16:41,088 DEBUG - 699.483ms,commonrequest:sendRawTransaction:DONE
2020-07-25 17:19:08,296 DEBUG - 13.119ms,commonrequest:getBlockNumber:DONE
2020-07-25 17:19:08,420 DEBUG - 10.196ms,commonrequest:getBlockNumber:DONE
2020-07-25 17:19:08,660 DEBUG - 229.032ms,commonrequest:sendRawTransaction:DONE
2020-07-25 17:19:08,719 DEBUG - 12.076ms,commonrequest:getBlockNumber:DONE
2020-07-25 17:19:08,997 DEBUG - 14.563ms,commonrequest:getBlockNumber:DONE
2020-07-25 17:19:09,484 DEBUG - 472.231ms,commonrequest:sendRawTransaction:DONE
2020-07-25 17:19:09,540 DEBUG - 13.806ms,commonrequest:getBlockNumber:DONE
2020-07-25 17:19:09,601 DEBUG - 58.821ms,commonrequest:call:DONE
2020-07-25 17:19:09,934 DEBUG - 96.908ms,commonrequest:sendRawTransaction:DONE
2020-07-25 17:19:09,953 DEBUG - 17.098ms,commonrequest:call:DONE
2020-07-25 17:19:09,973 DEBUG - 17.057ms,commonrequest:call:DONE
2020-07-25 17:19:09,988 DEBUG - 12.013ms,commonrequest:call:DONE
2020-07-25 17:19:10,009 DEBUG - 18.913ms,commonrequest:call:DONE
2020-07-25 17:19:10,447 DEBUG - 429.129ms,commonrequest:sendRawTransaction:DONE
2020-07-25 17:19:10,465 DEBUG - 15.223ms,commonrequest:call:DONE
2020-07-25 17:19:32,307 DEBUG - 495.176ms,commonrequest:sendRawTransaction:DONE
